TN:
SF:src/lib/files.ts
FN:8,listDirRecursive
FNF:1
FNH:1
FNDA:7,listDirRecursive
DA:1,1
DA:2,1
DA:8,1
DA:9,7
DA:10,7
DA:11,7
DA:12,7
DA:13,9
DA:14,9
DA:15,2
DA:17,7
DA:20,7
LF:12
LH:12
BRDA:9,0,0,3
BRDA:9,0,1,4
BRDA:9,1,0,7
BRDA:9,1,1,7
BRDA:14,2,0,2
BRDA:14,2,1,7
BRF:6
BRH:6
end_of_record
TN:
SF:src/lib/jobs.ts
FN:26,getDataDir
FN:30,getJobDir
FN:34,getJobInputDir
FN:38,getJobOutputDir
FN:42,ensureDataDir
FN:46,createJob
FN:68,getJob
FN:86,updateJob
FN:95,runGtopt
FN:123,(anonymous_10)
FN:136,(anonymous_11)
FN:140,(anonymous_12)
FN:145,(anonymous_13)
FN:148,(anonymous_14)
FN:153,(anonymous_15)
FN:195,(anonymous_16)
FN:205,resolveGtoptBinary
FN:237,listJobs
FN:249,(anonymous_19)
FN:260,getJobLogs
FN:282,getGtoptVersion
FN:284,(anonymous_22)
FN:285,(anonymous_23)
FNF:23
FNH:0
FNDA:0,getDataDir
FNDA:0,getJobDir
FNDA:0,getJobInputDir
FNDA:0,getJobOutputDir
FNDA:0,ensureDataDir
FNDA:0,createJob
FNDA:0,getJob
FNDA:0,updateJob
FNDA:0,runGtopt
FNDA:0,(anonymous_10)
FNDA:0,(anonymous_11)
FNDA:0,(anonymous_12)
FNDA:0,(anonymous_13)
FNDA:0,(anonymous_14)
FNDA:0,(anonymous_15)
FNDA:0,(anonymous_16)
FNDA:0,resolveGtoptBinary
FNDA:0,listJobs
FNDA:0,(anonymous_19)
FNDA:0,getJobLogs
FNDA:0,getGtoptVersion
FNDA:0,(anonymous_22)
FNDA:0,(anonymous_23)
DA:1,0
DA:2,0
DA:3,0
DA:4,0
DA:5,0
DA:6,0
DA:8,0
DA:19,0
DA:21,0
DA:24,0
DA:26,0
DA:27,0
DA:30,0
DA:31,0
DA:34,0
DA:35,0
DA:38,0
DA:39,0
DA:42,0
DA:43,0
DA:46,0
DA:47,0
DA:48,0
DA:54,0
DA:57,0
DA:58,0
DA:59,0
DA:64,0
DA:65,0
DA:68,0
DA:70,0
DA:71,0
DA:75,0
DA:76,0
DA:77,0
DA:78,0
DA:79,0
DA:80,0
DA:82,0
DA:87,0
DA:88,0
DA:89,0
DA:95,0
DA:96,0
DA:97,0
DA:99,0
DA:100,0
DA:102,0
DA:103,0
DA:105,0
DA:107,0
DA:108,0
DA:109,0
DA:110,0
DA:113,0
DA:114,0
DA:115,0
DA:116,0
DA:117,0
DA:120,0
DA:123,0
DA:124,0
DA:133,0
DA:134,0
DA:136,0
DA:137,0
DA:138,0
DA:140,0
DA:141,0
DA:145,0
DA:146,0
DA:147,0
DA:148,0
DA:149,0
DA:153,0
DA:154,0
DA:155,0
DA:156,0
DA:157,0
DA:159,0
DA:160,0
DA:161,0
DA:165,0
DA:166,0
DA:167,0
DA:168,0
DA:169,0
DA:172,0
DA:176,0
DA:177,0
DA:178,0
DA:179,0
DA:180,0
DA:182,0
DA:186,0
DA:187,0
DA:191,0
DA:192,0
DA:195,0
DA:196,0
DA:197,0
DA:198,0
DA:199,0
DA:200,0
DA:205,0
DA:207,0
DA:208,0
DA:209,0
DA:210,0
DA:216,0
DA:222,0
DA:223,0
DA:224,0
DA:225,0
DA:226,0
DA:228,0
DA:233,0
DA:234,0
DA:237,0
DA:238,0
DA:239,0
DA:240,0
DA:241,0
DA:242,0
DA:243,0
DA:244,0
DA:245,0
DA:248,0
DA:250,0
DA:253,0
DA:260,0
DA:263,0
DA:264,0
DA:265,0
DA:266,0
DA:267,0
DA:271,0
DA:272,0
DA:276,0
DA:282,0
DA:283,0
DA:284,0
DA:285,0
DA:286,0
DA:287,0
DA:288,0
DA:289,0
DA:291,0
DA:292,0
LF:149
LH:0
BRDA:19,0,0,0
BRDA:19,0,1,0
BRDA:21,1,0,0
BRDA:21,1,1,0
BRDA:70,2,0,0
BRDA:70,2,1,0
BRDA:97,3,0,0
BRDA:97,3,1,0
BRDA:154,4,0,0
BRDA:154,4,1,0
BRDA:160,5,0,0
BRDA:160,5,1,0
BRDA:160,5,2,0
BRDA:243,6,0,0
BRDA:243,6,1,0
BRDA:245,7,0,0
BRDA:245,7,1,0
BRDA:286,8,0,0
BRDA:286,8,1,0
BRDA:291,9,0,0
BRDA:291,9,1,0
BRDA:291,9,2,0
BRF:22
BRH:0
end_of_record
TN:
SF:src/lib/logger.ts
FN:8,timestamp
FN:12,formatMessage
FN:16,appendToFile
FN:25,writeLog
FN:48,createLogger
FN:50,(anonymous_6)
FN:51,(anonymous_7)
FN:52,(anonymous_8)
FN:53,(anonymous_9)
FN:96,(anonymous_10)
FN:108,getLogFilePath
FN:116,readLogTail
FN:121,(anonymous_13)
FNF:13
FNH:12
FNDA:137,timestamp
FNDA:137,formatMessage
FNDA:36,appendToFile
FNDA:137,writeLog
FNDA:17,createLogger
FNDA:123,(anonymous_6)
FNDA:12,(anonymous_7)
FNDA:1,(anonymous_8)
FNDA:1,(anonymous_9)
FNDA:0,(anonymous_10)
FNDA:5,getLogFilePath
FNDA:3,readLogTail
FNDA:6,(anonymous_13)
DA:1,11
DA:2,11
DA:6,11
DA:9,137
DA:13,137
DA:17,36
DA:18,36
DA:19,36
DA:21,0
DA:26,137
DA:29,137
DA:31,1
DA:32,1
DA:34,12
DA:35,12
DA:37,124
DA:38,124
DA:42,137
DA:43,36
DA:44,36
DA:48,11
DA:49,17
DA:50,123
DA:51,12
DA:52,1
DA:53,1
DA:58,11
DA:59,11
DA:60,11
DA:61,11
DA:62,11
DA:63,11
DA:64,11
DA:65,11
DA:66,11
DA:67,11
DA:68,11
DA:70,11
DA:71,11
DA:72,0
DA:74,11
DA:77,11
DA:78,11
DA:79,11
DA:80,0
DA:81,0
DA:82,0
DA:85,0
DA:86,0
DA:87,0
DA:88,0
DA:89,0
DA:91,0
DA:95,0
DA:96,0
DA:97,0
DA:99,11
DA:102,0
DA:108,11
DA:109,5
DA:110,3
DA:116,11
DA:117,3
DA:118,3
DA:119,2
DA:120,2
DA:121,6
DA:122,1
DA:124,1
LF:69
LH:54
BRDA:6,0,0,11
BRDA:6,0,1,8
BRDA:29,1,0,1
BRDA:29,1,1,12
BRDA:29,1,2,124
BRDA:42,2,0,36
BRDA:42,2,1,101
BRDA:60,3,0,11
BRDA:60,3,1,0
BRDA:61,4,0,11
BRDA:61,4,1,11
BRDA:62,5,0,11
BRDA:62,5,1,11
BRDA:63,6,0,11
BRDA:63,6,1,8
BRDA:64,7,0,11
BRDA:64,7,1,11
BRDA:65,8,0,11
BRDA:65,8,1,11
BRDA:66,9,0,11
BRDA:66,9,1,11
BRDA:70,10,0,11
BRDA:70,10,1,11
BRDA:71,11,0,0
BRDA:71,11,1,11
BRDA:72,12,0,0
BRDA:72,12,1,0
BRDA:74,13,0,3
BRDA:74,13,1,8
BRDA:79,14,0,0
BRDA:79,14,1,11
BRDA:81,15,0,0
BRDA:81,15,1,0
BRDA:86,16,0,0
BRDA:86,16,1,0
BRDA:97,17,0,0
BRDA:97,17,1,0
BRDA:109,18,0,2
BRDA:109,18,1,3
BRDA:116,19,0,0
BRDA:118,20,0,1
BRDA:118,20,1,2
BRF:42
BRH:30
end_of_record
